≡ƒöì APPOINTMENTS ROUTE - Appointment model slot checking methods: {
  checkSlotAvailability: true,
  findByDoctorAndDate: true,
  modelName: 'Appointment'
}
node : C:\Users\Siddhesh\Downloads\BioAura\HeathSecure-main\server\node_modules\expr
ess\lib\router\route.js:216
At line:1 char:1
+ node src/server.js 2>&1 | Out-File -FilePath error.log -Encoding utf8
+ ~~~~~~~~~~~~~~~~~~~~~~~
    + CategoryInfo          : NotSpecified: (C:\Users\Siddhe...er\route.js:216:Stri 
   ng) [], RemoteException
    + FullyQualifiedErrorId : NativeCommandError
 
        throw new Error(msg);
              ^

Error: Route.get() requires a callback function but got a [object Undefined]
    at Route.<computed> [as get] (C:\Users\Siddhesh\Downloads\BioAura\HeathSecure-ma
in\server\node_modules\express\lib\router\route.js:216:15)
    at proto.<computed> [as get] (C:\Users\Siddhesh\Downloads\BioAura\HeathSecure-ma
in\server\node_modules\express\lib\router\index.js:521:19)
    at file:///C:/Users/Siddhesh/Downloads/BioAura/HeathSecure-main/server/src/route
s/bloodbank.js:137:8
    at ModuleJob.run (node:internal/modules/esm/module_job:234:25)
    at async ModuleLoader.import (node:internal/modules/esm/loader:473:24)
    at async asyncRunEntryPointWithESMLoader (node:internal/modules/run_main:123:5)

Node.js v20.17.0
